# JRE version: OpenJDK Runtime Environment GraalVM CE 22.3.0 (17.0.5+8) (build 17.0.5+8-jvmci-22.3-b08)
# Java VM: OpenJDK 64-Bit Server VM GraalVM CE 22.3.0 (17.0.5+8-jvmci-22.3-b08, mixed mode, sharing, tiered, jvmci, jvmci compiler, compressed oops, compressed class ptrs, parallel gc, linux-amd64)
GC Precious Log:
 CPUs: 8 total, 1 available
 Memory: 1024M
 Large Page Support: Disabled
 NUMA Support: Disabled
 Compressed Oops: Enabled (32-bit)
 Alignments: Space 512K, Generation 512K, Heap 2M
 Heap Min Capacity: 100M
 Heap Initial Capacity: 100M
 Heap Max Capacity: 512M
 Pre-touch: Disabled
 Parallel Workers: 1
Heap:
 PSYoungGen      total 58880K, used 38911K [0x00000000f5580000, 0x00000000fa580000, 0x0000000100000000)
  eden space 38912K, 99% used [0x00000000f5580000,0x00000000f7b7ffe8,0x00000000f7b80000)
  from space 19968K, 0% used [0x00000000f7b80000,0x00000000f7b80000,0x00000000f8f00000)
  to   space 18432K, 0% used [0x00000000f9380000,0x00000000f9380000,0x00000000fa580000)
 ParOldGen       total 349696K, used 349695K [0x00000000e0000000, 0x00000000f5580000, 0x00000000f5580000)
  object space 349696K, 99% used [0x00000000e0000000,0x00000000f557ffe8,0x00000000f5580000)
 Metaspace       used 58574K, committed 59520K, reserved 1105920K
  class space    used 5523K, committed 5952K, reserved 1048576K
GC Heap History (20 events):
Event: 1429.013 GC heap before
{Heap before GC invocations=1002 (full 920):
 PSYoungGen      total 58880K, used 38912K [0x00000000f5580000, 0x00000000fa580000, 0x0000000100000000)
  eden space 38912K, 100% used [0x00000000f5580000,0x00000000f7b80000,0x00000000f7b80000)
  from space 19968K, 0% used [0x00000000f7b80000,0x00000000f7b80000,0x00000000f8f00000)
  to   space 18432K, 0% used [0x00000000f9380000,0x00000000f9380000,0x00000000fa580000)
 ParOldGen       total 349696K, used 349695K [0x00000000e0000000, 0x00000000f5580000, 0x00000000f5580000)
  object space 349696K, 99% used [0x00000000e0000000,0x00000000f557ff90,0x00000000f5580000)
 Metaspace       used 58574K, committed 59520K, reserved 1105920K
  class space    used 5523K, committed 5952K, reserved 1048576K
}
Event: 1431.573 GC heap after
{Heap after GC invocations=1002 (full 920):
 PSYoungGen      total 57344K, used 38911K [0x00000000f5580000, 0x00000000fa580000, 0x0000000100000000)
  eden space 38912K, 99% used [0x00000000f5580000,0x00000000f7b7ffd0,0x00000000f7b80000)
  from space 18432K, 0% used [0x00000000f9380000,0x00000000f9380000,0x00000000fa580000)
  to   space 19968K, 0% used [0x00000000f7b80000,0x00000000f7b80000,0x00000000f8f00000)
 ParOldGen       total 349696K, used 349695K [0x00000000e0000000, 0x00000000f5580000, 0x00000000f5580000)
  object space 349696K, 99% used [0x00000000e0000000,0x00000000f557ff90,0x00000000f5580000)
 Metaspace       used 58574K, committed 59520K, reserved 1105920K
  class space    used 5523K, committed 5952K, reserved 1048576K
}
Event: 1431.577 GC heap before
{Heap before GC invocations=1003 (full 921):
 PSYoungGen      total 57344K, used 38912K [0x00000000f5580000, 0x00000000fa580000, 0x0000000100000000)
  eden space 38912K, 100% used [0x00000000f5580000,0x00000000f7b80000,0x00000000f7b80000)
  from space 18432K, 0% used [0x00000000f9380000,0x00000000f9380000,0x00000000fa580000)
  to   space 19968K, 0% used [0x00000000f7b80000,0x00000000f7b80000,0x00000000f8f00000)
 ParOldGen       total 349696K, used 349695K [0x00000000e0000000, 0x00000000f5580000, 0x00000000f5580000)
  object space 349696K, 99% used [0x00000000e0000000,0x00000000f557ff90,0x00000000f5580000)
 Metaspace       used 58574K, committed 59520K, reserved 1105920K
  class space    used 5523K, committed 5952K, reserved 1048576K
}
Event: 1434.169 GC heap after
{Heap after GC invocations=1003 (full 921):
 PSYoungGen      total 58880K, used 38911K [0x00000000f5580000, 0x00000000fa580000, 0x0000000100000000)
  eden space 38912K, 99% used [0x00000000f5580000,0x00000000f7b7ffd0,0x00000000f7b80000)
  from space 19968K, 0% used [0x00000000f7b80000,0x00000000f7b80000,0x00000000f8f00000)
  to   space 18432K, 0% used [0x00000000f9380000,0x00000000f9380000,0x00000000fa580000)
 ParOldGen       total 349696K, used 349695K [0x00000000e0000000, 0x00000000f5580000, 0x00000000f5580000)
  object space 349696K, 99% used [0x00000000e0000000,0x00000000f557ff90,0x00000000f5580000)
 Metaspace       used 58574K, committed 59520K, reserved 1105920K
  class space    used 5523K, committed 5952K, reserved 1048576K
}
Event: 1434.176 GC heap before
{Heap before GC invocations=1004 (full 922):
 PSYoungGen      total 58880K, used 38912K [0x00000000f5580000, 0x00000000fa580000, 0x0000000100000000)
  eden space 38912K, 100% used [0x00000000f5580000,0x00000000f7b80000,0x00000000f7b80000)
  from space 19968K, 0% used [0x00000000f7b80000,0x00000000f7b80000,0x00000000f8f00000)
  to   space 18432K, 0% used [0x00000000f9380000,0x00000000f9380000,0x00000000fa580000)
 ParOldGen       total 349696K, used 349695K [0x00000000e0000000, 0x00000000f5580000, 0x00000000f5580000)
  object space 349696K, 99% used [0x00000000e0000000,0x00000000f557ff90,0x00000000f5580000)
 Metaspace       used 58574K, committed 59520K, reserved 1105920K
  class space    used 5523K, committed 5952K, reserved 1048576K
}
Event: 1436.579 GC heap after
{Heap after GC invocations=1004 (full 922):
 PSYoungGen      total 57344K, used 38911K [0x00000000f5580000, 0x00000000fa580000, 0x0000000100000000)
  eden space 38912K, 99% used [0x00000000f5580000,0x00000000f7b7ffd0,0x00000000f7b80000)
  from space 18432K, 0% used [0x00000000f9380000,0x00000000f9380000,0x00000000fa580000)
  to   space 19968K, 0% used [0x00000000f7b80000,0x00000000f7b80000,0x00000000f8f00000)
 ParOldGen       total 349696K, used 349695K [0x00000000e0000000, 0x00000000f5580000, 0x00000000f5580000)
  object space 349696K, 99% used [0x00000000e0000000,0x00000000f557ff90,0x00000000f5580000)
 Metaspace       used 58574K, committed 59520K, reserved 1105920K
  class space    used 5523K, committed 5952K, reserved 1048576K
}
Event: 1436.580 GC heap before
{Heap before GC invocations=1005 (full 923):
 PSYoungGen      total 57344K, used 38912K [0x00000000f5580000, 0x00000000fa580000, 0x0000000100000000)
  eden space 38912K, 100% used [0x00000000f5580000,0x00000000f7b80000,0x00000000f7b80000)
  from space 18432K, 0% used [0x00000000f9380000,0x00000000f9380000,0x00000000fa580000)
  to   space 19968K, 0% used [0x00000000f7b80000,0x00000000f7b80000,0x00000000f8f00000)
 ParOldGen       total 349696K, used 349695K [0x00000000e0000000, 0x00000000f5580000, 0x00000000f5580000)
  object space 349696K, 99% used [0x00000000e0000000,0x00000000f557ff90,0x00000000f5580000)
 Metaspace       used 58574K, committed 59520K, reserved 1105920K
  class space    used 5523K, committed 5952K, reserved 1048576K
}
Event: 1439.086 GC heap after
{Heap after GC invocations=1005 (full 923):
 PSYoungGen      total 58880K, used 38911K [0x00000000f5580000, 0x00000000fa580000, 0x0000000100000000)
  eden space 38912K, 99% used [0x00000000f5580000,0x00000000f7b7ffd0,0x00000000f7b80000)
  from space 19968K, 0% used [0x00000000f7b80000,0x00000000f7b80000,0x00000000f8f00000)
  to   space 18432K, 0% used [0x00000000f9380000,0x00000000f9380000,0x00000000fa580000)
 ParOldGen       total 349696K, used 349695K [0x00000000e0000000, 0x00000000f5580000, 0x00000000f5580000)
  object space 349696K, 99% used [0x00000000e0000000,0x00000000f557ff90,0x00000000f5580000)
 Metaspace       used 58574K, committed 59520K, reserved 1105920K
  class space    used 5523K, committed 5952K, reserved 1048576K
}
Event: 1439.086 GC heap before
{Heap before GC invocations=1006 (full 924):
 PSYoungGen      total 58880K, used 38912K [0x00000000f5580000, 0x00000000fa580000, 0x0000000100000000)
  eden space 38912K, 100% used [0x00000000f5580000,0x00000000f7b80000,0x00000000f7b80000)
  from space 19968K, 0% used [0x00000000f7b80000,0x00000000f7b80000,0x00000000f8f00000)
  to   space 18432K, 0% used [0x00000000f9380000,0x00000000f9380000,0x00000000fa580000)
 ParOldGen       total 349696K, used 349695K [0x00000000e0000000, 0x00000000f5580000, 0x00000000f5580000)
  object space 349696K, 99% used [0x00000000e0000000,0x00000000f557ff90,0x00000000f5580000)
 Metaspace       used 58574K, committed 59520K, reserved 1105920K
  class space    used 5523K, committed 5952K, reserved 1048576K
}
Event: 1441.585 GC heap after
{Heap after GC invocations=1006 (full 924):
 PSYoungGen      total 57344K, used 38911K [0x00000000f5580000, 0x00000000fa580000, 0x0000000100000000)
  eden space 38912K, 99% used [0x00000000f5580000,0x00000000f7b7ffd0,0x00000000f7b80000)
  from space 18432K, 0% used [0x00000000f9380000,0x00000000f9380000,0x00000000fa580000)
  to   space 19968K, 0% used [0x00000000f7b80000,0x00000000f7b80000,0x00000000f8f00000)
 ParOldGen       total 349696K, used 349695K [0x00000000e0000000, 0x00000000f5580000, 0x00000000f5580000)
  object space 349696K, 99% used [0x00000000e0000000,0x00000000f557ff90,0x00000000f5580000)
 Metaspace       used 58574K, committed 59520K, reserved 1105920K
  class space    used 5523K, committed 5952K, reserved 1048576K
}
Event: 1441.587 GC heap before
{Heap before GC invocations=1007 (full 925):
 PSYoungGen      total 57344K, used 38912K [0x00000000f5580000, 0x00000000fa580000, 0x0000000100000000)
  eden space 38912K, 100% used [0x00000000f5580000,0x00000000f7b80000,0x00000000f7b80000)
  from space 18432K, 0% used [0x00000000f9380000,0x00000000f9380000,0x00000000fa580000)
  to   space 19968K, 0% used [0x00000000f7b80000,0x00000000f7b80000,0x00000000f8f00000)
 ParOldGen       total 349696K, used 349695K [0x00000000e0000000, 0x00000000f5580000, 0x00000000f5580000)
  object space 349696K, 99% used [0x00000000e0000000,0x00000000f557ff90,0x00000000f5580000)
 Metaspace       used 58574K, committed 59520K, reserved 1105920K
  class space    used 5523K, committed 5952K, reserved 1048576K
}
Event: 1443.695 GC heap after
{Heap after GC invocations=1007 (full 925):
 PSYoungGen      total 58880K, used 38911K [0x00000000f5580000, 0x00000000fa580000, 0x0000000100000000)
  eden space 38912K, 99% used [0x00000000f5580000,0x00000000f7b7ffd0,0x00000000f7b80000)
  from space 19968K, 0% used [0x00000000f7b80000,0x00000000f7b80000,0x00000000f8f00000)
  to   space 18432K, 0% used [0x00000000f9380000,0x00000000f9380000,0x00000000fa580000)
 ParOldGen       total 349696K, used 349695K [0x00000000e0000000, 0x00000000f5580000, 0x00000000f5580000)
  object space 349696K, 99% used [0x00000000e0000000,0x00000000f557ff90,0x00000000f5580000)
 Metaspace       used 58574K, committed 59520K, reserved 1105920K
  class space    used 5523K, committed 5952K, reserved 1048576K
}
Event: 1443.696 GC heap before
{Heap before GC invocations=1008 (full 926):
 PSYoungGen      total 58880K, used 38912K [0x00000000f5580000, 0x00000000fa580000, 0x0000000100000000)
  eden space 38912K, 100% used [0x00000000f5580000,0x00000000f7b80000,0x00000000f7b80000)
  from space 19968K, 0% used [0x00000000f7b80000,0x00000000f7b80000,0x00000000f8f00000)
  to   space 18432K, 0% used [0x00000000f9380000,0x00000000f9380000,0x00000000fa580000)
 ParOldGen       total 349696K, used 349695K [0x00000000e0000000, 0x00000000f5580000, 0x00000000f5580000)
  object space 349696K, 99% used [0x00000000e0000000,0x00000000f557ff90,0x00000000f5580000)
 Metaspace       used 58574K, committed 59520K, reserved 1105920K
  class space    used 5523K, committed 5952K, reserved 1048576K
}
Event: 1445.866 GC heap after
{Heap after GC invocations=1008 (full 926):
 PSYoungGen      total 57344K, used 38911K [0x00000000f5580000, 0x00000000fa580000, 0x0000000100000000)
  eden space 38912K, 99% used [0x00000000f5580000,0x00000000f7b7ffd0,0x00000000f7b80000)
  from space 18432K, 0% used [0x00000000f9380000,0x00000000f9380000,0x00000000fa580000)
  to   space 19968K, 0% used [0x00000000f7b80000,0x00000000f7b80000,0x00000000f8f00000)
 ParOldGen       total 349696K, used 349695K [0x00000000e0000000, 0x00000000f5580000, 0x00000000f5580000)
  object space 349696K, 99% used [0x00000000e0000000,0x00000000f557ff90,0x00000000f5580000)
 Metaspace       used 58574K, committed 59520K, reserved 1105920K
  class space    used 5523K, committed 5952K, reserved 1048576K
}
Event: 1445.867 GC heap before
{Heap before GC invocations=1009 (full 927):
 PSYoungGen      total 57344K, used 38911K [0x00000000f5580000, 0x00000000fa580000, 0x0000000100000000)
  eden space 38912K, 99% used [0x00000000f5580000,0x00000000f7b7fff0,0x00000000f7b80000)
  from space 18432K, 0% used [0x00000000f9380000,0x00000000f9380000,0x00000000fa580000)
  to   space 19968K, 0% used [0x00000000f7b80000,0x00000000f7b80000,0x00000000f8f00000)
 ParOldGen       total 349696K, used 349695K [0x00000000e0000000, 0x00000000f5580000, 0x00000000f5580000)
  object space 349696K, 99% used [0x00000000e0000000,0x00000000f557ff90,0x00000000f5580000)
 Metaspace       used 58574K, committed 59520K, reserved 1105920K
  class space    used 5523K, committed 5952K, reserved 1048576K
}
Event: 1447.788 GC heap after
{Heap after GC invocations=1009 (full 927):
 PSYoungGen      total 58880K, used 38911K [0x00000000f5580000, 0x00000000fa580000, 0x0000000100000000)
  eden space 38912K, 99% used [0x00000000f5580000,0x00000000f7b7ffd0,0x00000000f7b80000)
  from space 19968K, 0% used [0x00000000f7b80000,0x00000000f7b80000,0x00000000f8f00000)
  to   space 18432K, 0% used [0x00000000f9380000,0x00000000f9380000,0x00000000fa580000)
 ParOldGen       total 349696K, used 349695K [0x00000000e0000000, 0x00000000f5580000, 0x00000000f5580000)
  object space 349696K, 99% used [0x00000000e0000000,0x00000000f557ff90,0x00000000f5580000)
 Metaspace       used 58574K, committed 59520K, reserved 1105920K
  class space    used 5523K, committed 5952K, reserved 1048576K
}
Event: 1447.788 GC heap before
{Heap before GC invocations=1010 (full 928):
 PSYoungGen      total 58880K, used 38911K [0x00000000f5580000, 0x00000000fa580000, 0x0000000100000000)
  eden space 38912K, 99% used [0x00000000f5580000,0x00000000f7b7ffe8,0x00000000f7b80000)
  from space 19968K, 0% used [0x00000000f7b80000,0x00000000f7b80000,0x00000000f8f00000)
  to   space 18432K, 0% used [0x00000000f9380000,0x00000000f9380000,0x00000000fa580000)
 ParOldGen       total 349696K, used 349695K [0x00000000e0000000, 0x00000000f5580000, 0x00000000f5580000)
  object space 349696K, 99% used [0x00000000e0000000,0x00000000f557ff90,0x00000000f5580000)
 Metaspace       used 58574K, committed 59520K, reserved 1105920K
  class space    used 5523K, committed 5952K, reserved 1048576K
}
Event: 1449.993 GC heap after
{Heap after GC invocations=1010 (full 928):
 PSYoungGen      total 57344K, used 38911K [0x00000000f5580000, 0x00000000fa580000, 0x0000000100000000)
  eden space 38912K, 99% used [0x00000000f5580000,0x00000000f7b7ffe8,0x00000000f7b80000)
  from space 18432K, 0% used [0x00000000f9380000,0x00000000f9380000,0x00000000fa580000)
  to   space 19968K, 0% used [0x00000000f7b80000,0x00000000f7b80000,0x00000000f8f00000)
 ParOldGen       total 349696K, used 349695K [0x00000000e0000000, 0x00000000f5580000, 0x00000000f5580000)
  object space 349696K, 99% used [0x00000000e0000000,0x00000000f557ff90,0x00000000f5580000)
 Metaspace       used 58574K, committed 59520K, reserved 1105920K
  class space    used 5523K, committed 5952K, reserved 1048576K
}
Event: 1449.993 GC heap before
{Heap before GC invocations=1011 (full 929):
 PSYoungGen      total 57344K, used 38911K [0x00000000f5580000, 0x00000000fa580000, 0x0000000100000000)
  eden space 38912K, 99% used [0x00000000f5580000,0x00000000f7b7ffe8,0x00000000f7b80000)
  from space 18432K, 0% used [0x00000000f9380000,0x00000000f9380000,0x00000000fa580000)
  to   space 19968K, 0% used [0x00000000f7b80000,0x00000000f7b80000,0x00000000f8f00000)
 ParOldGen       total 349696K, used 349695K [0x00000000e0000000, 0x00000000f5580000, 0x00000000f5580000)
  object space 349696K, 99% used [0x00000000e0000000,0x00000000f557ff90,0x00000000f5580000)
 Metaspace       used 58574K, committed 59520K, reserved 1105920K
  class space    used 5523K, committed 5952K, reserved 1048576K
}
Event: 1452.290 GC heap after
{Heap after GC invocations=1011 (full 929):
 PSYoungGen      total 58880K, used 38911K [0x00000000f5580000, 0x00000000fa580000, 0x0000000100000000)
  eden space 38912K, 99% used [0x00000000f5580000,0x00000000f7b7ffe8,0x00000000f7b80000)
  from space 19968K, 0% used [0x00000000f7b80000,0x00000000f7b80000,0x00000000f8f00000)
  to   space 18432K, 0% used [0x00000000f9380000,0x00000000f9380000,0x00000000fa580000)
 ParOldGen       total 349696K, used 349695K [0x00000000e0000000, 0x00000000f5580000, 0x00000000f5580000)
  object space 349696K, 99% used [0x00000000e0000000,0x00000000f557ff90,0x00000000f5580000)
 Metaspace       used 58574K, committed 59520K, reserved 1105920K
  class space    used 5523K, committed 5952K, reserved 1048576K
}

